  PeerList.cpp
  P2PServer.cpp
d:\qt\server\server\p2pserver.cpp(86): warning C4996: 'gethostbyname': Use getaddrinfo() or GetAddrInfoW() instead or define _WINSOCK_DEPRECATED_NO_WARNINGS to disable deprecated API warnings
  c:\program files (x86)\windows kits\10\include\10.0.15063.0\um\winsock2.h(2218): note: 参见“gethostbyname”的声明
d:\qt\server\server\p2pserver.cpp(98): warning C4996: 'inet_ntoa': Use inet_ntop() or InetNtop() instead or define _WINSOCK_DEPRECATED_NO_WARNINGS to disable deprecated API warnings
  c:\program files (x86)\windows kits\10\include\10.0.15063.0\um\winsock2.h(1848): note: 参见“inet_ntoa”的声明
d:\qt\server\server\p2pserver.cpp(149): warning C4996: 'inet_ntoa': Use inet_ntop() or InetNtop() instead or define _WINSOCK_DEPRECATED_NO_WARNINGS to disable deprecated API warnings
  c:\program files (x86)\windows kits\10\include\10.0.15063.0\um\winsock2.h(1848): note: 参见“inet_ntoa”的声明
d:\qt\server\server\p2pserver.cpp(245): warning C4996: 'inet_ntoa': Use inet_ntop() or InetNtop() instead or define _WINSOCK_DEPRECATED_NO_WARNINGS to disable deprecated API warnings
  c:\program files (x86)\windows kits\10\include\10.0.15063.0\um\winsock2.h(1848): note: 参见“inet_ntoa”的声明
d:\qt\server\server\p2pserver.cpp(259): warning C4996: 'inet_ntoa': Use inet_ntop() or InetNtop() instead or define _WINSOCK_DEPRECATED_NO_WARNINGS to disable deprecated API warnings
  c:\program files (x86)\windows kits\10\include\10.0.15063.0\um\winsock2.h(1848): note: 参见“inet_ntoa”的声明
d:\qt\server\server\p2pserver.cpp(305): warning C4996: 'inet_ntoa': Use inet_ntop() or InetNtop() instead or define _WINSOCK_DEPRECATED_NO_WARNINGS to disable deprecated API warnings
  c:\program files (x86)\windows kits\10\include\10.0.15063.0\um\winsock2.h(1848): note: 参见“inet_ntoa”的声明
d:\qt\server\server\p2pserver.cpp(316): warning C4996: 'inet_ntoa': Use inet_ntop() or InetNtop() instead or define _WINSOCK_DEPRECATED_NO_WARNINGS to disable deprecated API warnings
  c:\program files (x86)\windows kits\10\include\10.0.15063.0\um\winsock2.h(1848): note: 参见“inet_ntoa”的声明
d:\qt\server\server\p2pserver.cpp(333): warning C4244: “参数”: 从“time_t”转换到“unsigned int”，可能丢失数据
d:\qt\server\server\p2pserver.cpp(340): warning C4996: 'itoa': The POSIX name for this item is deprecated. Instead, use the ISO C and C++ conformant name: _itoa. See online help for details.
  c:\program files (x86)\windows kits\10\include\10.0.15063.0\ucrt\stdlib.h(1334): note: 参见“itoa”的声明
d:\qt\server\server\p2pserver.cpp(346): warning C4996: 'strcpy': This function or variable may be unsafe. Consider using strcpy_s instead. To disable deprecation, use _CRT_SECURE_NO_WARNINGS. See online help for details.
  c:\program files (x86)\windows kits\10\include\10.0.15063.0\ucrt\string.h(136): note: 参见“strcpy”的声明
  main.cpp
  正在生成代码...
  Server.vcxproj -> D:\QT\Server\Debug\Server.exe
  Server.vcxproj -> D:\QT\Server\Debug\Server.pdb (Partial PDB)
